Using pre-set license
Built from '2020.3/release' branch; Version is '2020.3.2f1 (8fd9074bf66c) revision 9427207'; Using compiler version '192528614'; Build Type 'Release'
OS: 'Windows 10 Home Single Language; OS build 22621.2428; Version 2009; 64bit' Language: 'pt' Physical Memory: 8025 MB
BatchMode: 1, IsHumanControllingUs: 0, StartBugReporterOnCrash: 0, Is64bit: 1, IsPro: 0

 COMMAND LINE ARGUMENTS:
D:\Program Files\Unity\Hub\Editor\2020.3.2f1\Editor\Unity.exe
-adb2
-batchMode
-noUpm
-name
AssetImportWorker2
-projectPath
C:/Users/gusta/Desktop/Profissional/Unity/UnityEBAC/2D Movement
-logFile
Logs/AssetImportWorker2.log
-srvPort
63248
Successfully changed project path to: C:/Users/gusta/Desktop/Profissional/Unity/UnityEBAC/2D Movement
C:/Users/gusta/Desktop/Profissional/Unity/UnityEBAC/2D Movement
Using Asset Import Pipeline V2.
Refreshing native plugins compatible for Editor in 128.15 ms, found 1 plugins.
Preloading 0 native plugins for Editor in 0.00 ms.
Initialize engine version: 2020.3.2f1 (8fd9074bf66c)
[Subsystems] Discovering subsystems at path D:/Program Files/Unity/Hub/Editor/2020.3.2f1/Editor/Data/Resources/UnitySubsystems
[Subsystems] Discovering subsystems at path C:/Users/gusta/Desktop/Profissional/Unity/UnityEBAC/2D Movement/Assets
GfxDevice: creating device client; threaded=0
Direct3D:
    Version:  Direct3D 11.0 [level 11.1]
    Renderer: NVIDIA GeForce MX330 (ID=0x1d16)
    Vendor:   
    VRAM:     1983 MB
    Driver:   30.0.14.7219
Initialize mono
Mono path[0] = 'D:/Program Files/Unity/Hub/Editor/2020.3.2f1/Editor/Data/Managed'
Mono path[1] = 'D:/Program Files/Unity/Hub/Editor/2020.3.2f1/Editor/Data/MonoBleedingEdge/lib/mono/unityjit'
Mono config path = 'D:/Program Files/Unity/Hub/Editor/2020.3.2f1/Editor/Data/MonoBleedingEdge/etc'
Using monoOptions --debugger-agent=transport=dt_socket,embedding=1,server=y,suspend=n,address=127.0.0.1:56956
Begin MonoManager ReloadAssembly
Registering precompiled unity dll's ...
Register platform support module: D:/Program Files/Unity/Hub/Editor/2020.3.2f1/Editor/Data/PlaybackEngines/WindowsStandaloneSupport/UnityEditor.WindowsStandalone.Extensions.dll
Registered in 0.006650 seconds.
Native extension for WindowsStandalone target not found
Refreshing native plugins compatible for Editor in 93.63 ms, found 1 plugins.
Preloading 0 native plugins for Editor in 0.00 ms.
Invoked RoslynAnalysisRunner static constructor.
RoslynAnalysisRunner will not be running.
RoslynAnalysisRunner has terminated.
Mono: successfully reloaded assembly
- Completed reload, in 12.433 seconds
Platform modules already initialized, skipping
Registering precompiled user dll's ...
Registered in 0.002273 seconds.
Begin MonoManager ReloadAssembly
Native extension for WindowsStandalone target not found
Refreshing native plugins compatible for Editor in 83.78 ms, found 1 plugins.
Preloading 0 native plugins for Editor in 0.00 ms.
Invoked RoslynAnalysisRunner static constructor.
RoslynAnalysisRunner will not be running.
RoslynAnalysisRunner has terminated.
Mono: successfully reloaded assembly
- Completed reload, in  2.928 seconds
Platform modules already initialized, skipping
========================================================================
Worker process is ready to serve import requests
Launched and connected shader compiler UnityShaderCompiler.exe after 0.33 seconds
Refreshing native plugins compatible for Editor in 1.13 ms, found 1 plugins.
Preloading 0 native plugins for Editor in 0.00 ms.
Unloading 1809 Unused Serialized files (Serialized files now loaded: 0)
System memory in use before: 84.8 MB.
System memory in use after: 84.8 MB.

Unloading 24 unused Assets to reduce memory usage. Loaded Objects now: 2251.
Total: 4.057400 ms (FindLiveObjects: 0.388700 ms CreateObjectMapping: 0.149500 ms MarkObjects: 3.232900 ms  DeleteObjects: 0.282700 ms)

========================================================================
Received Import Request.
  path: Assets/Scripts/Player.cs
  artifactKey: Guid(c0894158d5aead44bac61d1548d58015) Importer(815301076,1909f56bfc062723c751e8b465ee728b)
Start importing Assets/Scripts/Player.cs using Guid(c0894158d5aead44bac61d1548d58015) Importer(815301076,1909f56bfc062723c751e8b465ee728b)  -> (artifact id: '2c5ca96a9b1c8080d29b85e872aebabb') in 0.157226 seconds
  Import took 0.164967 seconds .

========================================================================
Received Import Request.
  Time since last request: 327.834452 seconds.
  path: Assets/Scripts/Player.cs
  artifactKey: Guid(c0894158d5aead44bac61d1548d58015) Importer(815301076,1909f56bfc062723c751e8b465ee728b)
Start importing Assets/Scripts/Player.cs using Guid(c0894158d5aead44bac61d1548d58015) Importer(815301076,1909f56bfc062723c751e8b465ee728b)  -> (artifact id: '4c8213355c7a3d7a196eedbe876124b1') in 0.003252 seconds
  Import took 0.010212 seconds .

========================================================================
Received Import Request.
  Time since last request: 0.000801 seconds.
  path: Assets/Scripts/Player.cs
  artifactKey: Guid(c0894158d5aead44bac61d1548d58015) Importer(815301076,1909f56bfc062723c751e8b465ee728b)
Start importing Assets/Scripts/Player.cs using Guid(c0894158d5aead44bac61d1548d58015) Importer(815301076,1909f56bfc062723c751e8b465ee728b)  -> (artifact id: '4c8213355c7a3d7a196eedbe876124b1') in 0.002711 seconds
  Import took 0.006116 seconds .

========================================================================
Received Import Request.
  Time since last request: 10.557582 seconds.
  path: Assets/Scripts/Player.cs
  artifactKey: Guid(c0894158d5aead44bac61d1548d58015) Importer(815301076,1909f56bfc062723c751e8b465ee728b)
Start importing Assets/Scripts/Player.cs using Guid(c0894158d5aead44bac61d1548d58015) Importer(815301076,1909f56bfc062723c751e8b465ee728b)  -> (artifact id: 'b1f3260aa0f4ee811f24165f3bf5a824') in 0.004825 seconds
  Import took 0.010309 seconds .

========================================================================
Received Import Request.
  Time since last request: 0.002304 seconds.
  path: Assets/Scripts/Player.cs
  artifactKey: Guid(c0894158d5aead44bac61d1548d58015) Importer(815301076,1909f56bfc062723c751e8b465ee728b)
Start importing Assets/Scripts/Player.cs using Guid(c0894158d5aead44bac61d1548d58015) Importer(815301076,1909f56bfc062723c751e8b465ee728b)  -> (artifact id: 'b1f3260aa0f4ee811f24165f3bf5a824') in 0.004045 seconds
  Import took 0.007359 seconds .

========================================================================
Received Import Request.
  Time since last request: 9.875531 seconds.
  path: Packages/com.unity.2d.sprite/Editor/ObjectMenuCreation/DefaultAssets/Textures/9-Sliced.png
  artifactKey: Guid(cc35afd292fc349128b36a291fb3a165) Importer(815301076,1909f56bfc062723c751e8b465ee728b)
Start importing Packages/com.unity.2d.sprite/Editor/ObjectMenuCreation/DefaultAssets/Textures/9-Sliced.png using Guid(cc35afd292fc349128b36a291fb3a165) Importer(815301076,1909f56bfc062723c751e8b465ee728b)  -> (artifact id: '5154fb66675a78be59579a8acd640223') in 0.229846 seconds
  Import took 0.235345 seconds .

========================================================================
Received Import Request.
  Time since last request: 0.000327 seconds.
  path: Packages/com.unity.2d.sprite/Editor/ObjectMenuCreation/DefaultAssets/Textures/HexagonPointed-Top.png
  artifactKey: Guid(4b2a04fdbe0ef4d8da8f90eaca817cd1) Importer(815301076,1909f56bfc062723c751e8b465ee728b)
Start importing Packages/com.unity.2d.sprite/Editor/ObjectMenuCreation/DefaultAssets/Textures/HexagonPointed-Top.png using Guid(4b2a04fdbe0ef4d8da8f90eaca817cd1) Importer(815301076,1909f56bfc062723c751e8b465ee728b)  -> (artifact id: '8873ad4a09cc8e47e68970a3220b1af0') in 0.027307 seconds
  Import took 0.030957 seconds .

========================================================================
Received Import Request.
  Time since last request: 0.000358 seconds.
  path: Packages/com.unity.2d.sprite/Editor/ObjectMenuCreation/DefaultAssets/Textures/HexagonFlat-Top.png
  artifactKey: Guid(a9716c16a44a94eed9b5c90fbf4d9bdd) Importer(815301076,1909f56bfc062723c751e8b465ee728b)
Start importing Packages/com.unity.2d.sprite/Editor/ObjectMenuCreation/DefaultAssets/Textures/HexagonFlat-Top.png using Guid(a9716c16a44a94eed9b5c90fbf4d9bdd) Importer(815301076,1909f56bfc062723c751e8b465ee728b)  -> (artifact id: '2f2907622f93e899979811a3d3b4bf0f') in 0.031994 seconds
  Import took 0.035983 seconds .

========================================================================
Received Import Request.
  Time since last request: 0.000338 seconds.
  path: Packages/com.unity.2d.sprite/Editor/ObjectMenuCreation/DefaultAssets/Textures/CircleMask.png
  artifactKey: Guid(87aaca0a643d54397ba969dab4fc8875) Importer(815301076,1909f56bfc062723c751e8b465ee728b)
Start importing Packages/com.unity.2d.sprite/Editor/ObjectMenuCreation/DefaultAssets/Textures/CircleMask.png using Guid(87aaca0a643d54397ba969dab4fc8875) Importer(815301076,1909f56bfc062723c751e8b465ee728b)  -> (artifact id: 'a4ad61a3646e272d5516c6a50d723150') in 0.026946 seconds
  Import took 0.030755 seconds .

========================================================================
Received Import Request.
  Time since last request: 0.000332 seconds.
  path: Packages/com.unity.2d.sprite/Editor/ObjectMenuCreation/DefaultAssets/Textures/Circle.png
  artifactKey: Guid(4adeaf2d2b1c7417e89f026626d8264f) Importer(815301076,1909f56bfc062723c751e8b465ee728b)
Start importing Packages/com.unity.2d.sprite/Editor/ObjectMenuCreation/DefaultAssets/Textures/Circle.png using Guid(4adeaf2d2b1c7417e89f026626d8264f) Importer(815301076,1909f56bfc062723c751e8b465ee728b)  -> (artifact id: 'e7ebca36d388345d6702f6bca6176ee3') in 0.029867 seconds
  Import took 0.033383 seconds .

========================================================================
Received Import Request.
  Time since last request: 0.000331 seconds.
  path: Packages/com.unity.2d.sprite/Editor/ObjectMenuCreation/DefaultAssets/Textures/Square.png
  artifactKey: Guid(db750325989564987a34393247d883b4) Importer(815301076,1909f56bfc062723c751e8b465ee728b)
Start importing Packages/com.unity.2d.sprite/Editor/ObjectMenuCreation/DefaultAssets/Textures/Square.png using Guid(db750325989564987a34393247d883b4) Importer(815301076,1909f56bfc062723c751e8b465ee728b)  -> (artifact id: 'b2ed3854a0d38a3267f5bb092e849938') in 0.024428 seconds
  Import took 0.028052 seconds .

========================================================================
Received Import Request.
  Time since last request: 0.000380 seconds.
  path: Packages/com.unity.2d.sprite/Editor/ObjectMenuCreation/DefaultAssets/Textures/Capsule.png
  artifactKey: Guid(34587324d412940a79d530020c957dc0) Importer(815301076,1909f56bfc062723c751e8b465ee728b)
Start importing Packages/com.unity.2d.sprite/Editor/ObjectMenuCreation/DefaultAssets/Textures/Capsule.png using Guid(34587324d412940a79d530020c957dc0) Importer(815301076,1909f56bfc062723c751e8b465ee728b)  -> (artifact id: 'ec27a088f5b61e17f24e5e4ab5b519e4') in 0.029610 seconds
  Import took 0.033013 seconds .

========================================================================
Received Import Request.
  Time since last request: 0.000521 seconds.
  path: Packages/com.unity.2d.sprite/Editor/ObjectMenuCreation/DefaultAssets/Textures/IsometricDiamond.png
  artifactKey: Guid(0d267bc78a0864eb48358689b29ed20a) Importer(815301076,1909f56bfc062723c751e8b465ee728b)
Start importing Packages/com.unity.2d.sprite/Editor/ObjectMenuCreation/DefaultAssets/Textures/IsometricDiamond.png using Guid(0d267bc78a0864eb48358689b29ed20a) Importer(815301076,1909f56bfc062723c751e8b465ee728b)  -> (artifact id: '82d221ce6e5d766a43145732450528a3') in 0.028335 seconds
  Import took 0.031997 seconds .

========================================================================
Received Prepare
Registering precompiled user dll's ...
Registered in 0.001402 seconds.
Begin MonoManager ReloadAssembly
Native extension for WindowsStandalone target not found
Refreshing native plugins compatible for Editor in 0.36 ms, found 1 plugins.
Preloading 0 native plugins for Editor in 0.00 ms.
Invoked RoslynAnalysisRunner static constructor.
RoslynAnalysisRunner will not be running.
RoslynAnalysisRunner has terminated.
Mono: successfully reloaded assembly
- Completed reload, in  0.863 seconds
Platform modules already initialized, skipping
Refreshing native plugins compatible for Editor in 0.34 ms, found 1 plugins.
Preloading 0 native plugins for Editor in 0.00 ms.
Unloading 1804 Unused Serialized files (Serialized files now loaded: 0)
System memory in use before: 87.9 MB.
System memory in use after: 87.8 MB.

Unloading 12 unused Assets to reduce memory usage. Loaded Objects now: 2269.
Total: 2.775800 ms (FindLiveObjects: 0.319900 ms CreateObjectMapping: 0.141600 ms MarkObjects: 2.173000 ms  DeleteObjects: 0.138100 ms)

========================================================================
Received Prepare
Registering precompiled user dll's ...
Registered in 0.000990 seconds.
Begin MonoManager ReloadAssembly
Native extension for WindowsStandalone target not found
Refreshing native plugins compatible for Editor in 0.71 ms, found 1 plugins.
Preloading 0 native plugins for Editor in 0.00 ms.
Invoked RoslynAnalysisRunner static constructor.
RoslynAnalysisRunner will not be running.
RoslynAnalysisRunner has terminated.
Mono: successfully reloaded assembly
- Completed reload, in  1.001 seconds
Platform modules already initialized, skipping
Refreshing native plugins compatible for Editor in 0.45 ms, found 1 plugins.
Preloading 0 native plugins for Editor in 0.00 ms.
Unloading 1804 Unused Serialized files (Serialized files now loaded: 0)
System memory in use before: 87.9 MB.
System memory in use after: 87.9 MB.

Unloading 12 unused Assets to reduce memory usage. Loaded Objects now: 2273.
Total: 2.786400 ms (FindLiveObjects: 0.275800 ms CreateObjectMapping: 0.081500 ms MarkObjects: 2.242400 ms  DeleteObjects: 0.184700 ms)

========================================================================
Received Prepare
Registering precompiled user dll's ...
Registered in 0.002321 seconds.
Begin MonoManager ReloadAssembly
Native extension for WindowsStandalone target not found
Refreshing native plugins compatible for Editor in 0.63 ms, found 1 plugins.
Preloading 0 native plugins for Editor in 0.00 ms.
Invoked RoslynAnalysisRunner static constructor.
RoslynAnalysisRunner will not be running.
RoslynAnalysisRunner has terminated.
Mono: successfully reloaded assembly
- Completed reload, in  2.339 seconds
Platform modules already initialized, skipping
Refreshing native plugins compatible for Editor in 0.64 ms, found 1 plugins.
Preloading 0 native plugins for Editor in 0.00 ms.
Unloading 1804 Unused Serialized files (Serialized files now loaded: 0)
System memory in use before: 87.9 MB.
System memory in use after: 87.9 MB.

Unloading 12 unused Assets to reduce memory usage. Loaded Objects now: 2277.
Total: 4.633800 ms (FindLiveObjects: 0.675500 ms CreateObjectMapping: 0.202000 ms MarkObjects: 3.525300 ms  DeleteObjects: 0.228400 ms)

========================================================================
Received Prepare
Registering precompiled user dll's ...
Registered in 0.002053 seconds.
Begin MonoManager ReloadAssembly
Native extension for WindowsStandalone target not found
Refreshing native plugins compatible for Editor in 0.63 ms, found 1 plugins.
Preloading 0 native plugins for Editor in 0.00 ms.
Invoked RoslynAnalysisRunner static constructor.
RoslynAnalysisRunner will not be running.
RoslynAnalysisRunner has terminated.
Mono: successfully reloaded assembly
- Completed reload, in  2.003 seconds
Platform modules already initialized, skipping
Refreshing native plugins compatible for Editor in 0.62 ms, found 1 plugins.
Preloading 0 native plugins for Editor in 0.00 ms.
Unloading 1804 Unused Serialized files (Serialized files now loaded: 0)
System memory in use before: 88.0 MB.
System memory in use after: 87.9 MB.

Unloading 12 unused Assets to reduce memory usage. Loaded Objects now: 2281.
Total: 4.288100 ms (FindLiveObjects: 0.354500 ms CreateObjectMapping: 0.155500 ms MarkObjects: 3.566000 ms  DeleteObjects: 0.209700 ms)

========================================================================
Received Prepare
Registering precompiled user dll's ...
Registered in 0.002041 seconds.
Begin MonoManager ReloadAssembly
Native extension for WindowsStandalone target not found
Refreshing native plugins compatible for Editor in 0.63 ms, found 1 plugins.
Preloading 0 native plugins for Editor in 0.00 ms.
Invoked RoslynAnalysisRunner static constructor.
RoslynAnalysisRunner will not be running.
RoslynAnalysisRunner has terminated.
Mono: successfully reloaded assembly
- Completed reload, in  2.077 seconds
Platform modules already initialized, skipping
Refreshing native plugins compatible for Editor in 0.58 ms, found 1 plugins.
Preloading 0 native plugins for Editor in 0.00 ms.
Unloading 1804 Unused Serialized files (Serialized files now loaded: 0)
System memory in use before: 88.0 MB.
System memory in use after: 87.9 MB.

Unloading 12 unused Assets to reduce memory usage. Loaded Objects now: 2285.
Total: 4.189500 ms (FindLiveObjects: 0.339000 ms CreateObjectMapping: 0.152300 ms MarkObjects: 3.490400 ms  DeleteObjects: 0.205600 ms)

========================================================================
Received Prepare
Registering precompiled user dll's ...
Registered in 0.001112 seconds.
Begin MonoManager ReloadAssembly
Native extension for WindowsStandalone target not found
Refreshing native plugins compatible for Editor in 0.42 ms, found 1 plugins.
Preloading 0 native plugins for Editor in 0.00 ms.
Invoked RoslynAnalysisRunner static constructor.
RoslynAnalysisRunner will not be running.
RoslynAnalysisRunner has terminated.
Mono: successfully reloaded assembly
- Completed reload, in  1.551 seconds
Platform modules already initialized, skipping
Refreshing native plugins compatible for Editor in 1.03 ms, found 1 plugins.
Preloading 0 native plugins for Editor in 0.00 ms.
Unloading 1804 Unused Serialized files (Serialized files now loaded: 0)
System memory in use before: 88.0 MB.
System memory in use after: 88.0 MB.

Unloading 12 unused Assets to reduce memory usage. Loaded Objects now: 2289.
Total: 5.188800 ms (FindLiveObjects: 0.336900 ms CreateObjectMapping: 0.200900 ms MarkObjects: 4.411300 ms  DeleteObjects: 0.236200 ms)

========================================================================
Received Prepare
Registering precompiled user dll's ...
Registered in 0.000960 seconds.
Begin MonoManager ReloadAssembly
Native extension for WindowsStandalone target not found
Refreshing native plugins compatible for Editor in 0.43 ms, found 1 plugins.
Preloading 0 native plugins for Editor in 0.00 ms.
Invoked RoslynAnalysisRunner static constructor.
RoslynAnalysisRunner will not be running.
RoslynAnalysisRunner has terminated.
Mono: successfully reloaded assembly
- Completed reload, in  1.001 seconds
Platform modules already initialized, skipping
Refreshing native plugins compatible for Editor in 0.74 ms, found 1 plugins.
Preloading 0 native plugins for Editor in 0.00 ms.
Unloading 1804 Unused Serialized files (Serialized files now loaded: 0)
System memory in use before: 88.0 MB.
System memory in use after: 88.0 MB.

Unloading 12 unused Assets to reduce memory usage. Loaded Objects now: 2293.
Total: 5.342500 ms (FindLiveObjects: 0.534400 ms CreateObjectMapping: 0.227100 ms MarkObjects: 4.285700 ms  DeleteObjects: 0.291500 ms)

========================================================================
Received Prepare
Registering precompiled user dll's ...
Registered in 0.001035 seconds.
Begin MonoManager ReloadAssembly
Native extension for WindowsStandalone target not found
Refreshing native plugins compatible for Editor in 0.37 ms, found 1 plugins.
Preloading 0 native plugins for Editor in 0.00 ms.
Invoked RoslynAnalysisRunner static constructor.
RoslynAnalysisRunner will not be running.
RoslynAnalysisRunner has terminated.
Mono: successfully reloaded assembly
- Completed reload, in  0.949 seconds
Platform modules already initialized, skipping
Refreshing native plugins compatible for Editor in 0.34 ms, found 1 plugins.
Preloading 0 native plugins for Editor in 0.00 ms.
Unloading 1804 Unused Serialized files (Serialized files now loaded: 0)
System memory in use before: 88.0 MB.
System memory in use after: 88.0 MB.

Unloading 12 unused Assets to reduce memory usage. Loaded Objects now: 2297.
Total: 2.257000 ms (FindLiveObjects: 0.225300 ms CreateObjectMapping: 0.073800 ms MarkObjects: 1.842900 ms  DeleteObjects: 0.113600 ms)

========================================================================
Received Prepare
Registering precompiled user dll's ...
Registered in 0.002142 seconds.
Begin MonoManager ReloadAssembly
Native extension for WindowsStandalone target not found
Refreshing native plugins compatible for Editor in 0.62 ms, found 1 plugins.
Preloading 0 native plugins for Editor in 0.00 ms.
Invoked RoslynAnalysisRunner static constructor.
RoslynAnalysisRunner will not be running.
RoslynAnalysisRunner has terminated.
Mono: successfully reloaded assembly
- Completed reload, in  2.060 seconds
Platform modules already initialized, skipping
Refreshing native plugins compatible for Editor in 0.71 ms, found 1 plugins.
Preloading 0 native plugins for Editor in 0.00 ms.
Unloading 1804 Unused Serialized files (Serialized files now loaded: 0)
System memory in use before: 88.0 MB.
System memory in use after: 88.0 MB.

Unloading 12 unused Assets to reduce memory usage. Loaded Objects now: 2301.
Total: 4.346700 ms (FindLiveObjects: 0.442700 ms CreateObjectMapping: 0.219400 ms MarkObjects: 3.478100 ms  DeleteObjects: 0.203900 ms)

========================================================================
Received Prepare
Registering precompiled user dll's ...
Registered in 0.002024 seconds.
Begin MonoManager ReloadAssembly
Native extension for WindowsStandalone target not found
Refreshing native plugins compatible for Editor in 0.63 ms, found 1 plugins.
Preloading 0 native plugins for Editor in 0.00 ms.
Invoked RoslynAnalysisRunner static constructor.
RoslynAnalysisRunner will not be running.
RoslynAnalysisRunner has terminated.
Mono: successfully reloaded assembly
- Completed reload, in  2.053 seconds
Platform modules already initialized, skipping
Refreshing native plugins compatible for Editor in 1.01 ms, found 1 plugins.
Preloading 0 native plugins for Editor in 0.00 ms.
Unloading 1804 Unused Serialized files (Serialized files now loaded: 0)
System memory in use before: 88.0 MB.
System memory in use after: 88.0 MB.

Unloading 12 unused Assets to reduce memory usage. Loaded Objects now: 2305.
Total: 4.030600 ms (FindLiveObjects: 0.393100 ms CreateObjectMapping: 0.151700 ms MarkObjects: 3.274900 ms  DeleteObjects: 0.207400 ms)

========================================================================
Received Prepare
Registering precompiled user dll's ...
Registered in 0.002056 seconds.
Begin MonoManager ReloadAssembly
Native extension for WindowsStandalone target not found
Refreshing native plugins compatible for Editor in 0.60 ms, found 1 plugins.
Preloading 0 native plugins for Editor in 0.00 ms.
Invoked RoslynAnalysisRunner static constructor.
RoslynAnalysisRunner will not be running.
RoslynAnalysisRunner has terminated.
Mono: successfully reloaded assembly
- Completed reload, in  2.037 seconds
Platform modules already initialized, skipping
Refreshing native plugins compatible for Editor in 0.91 ms, found 1 plugins.
Preloading 0 native plugins for Editor in 0.00 ms.
Unloading 1804 Unused Serialized files (Serialized files now loaded: 0)
System memory in use before: 88.0 MB.
System memory in use after: 88.0 MB.

Unloading 12 unused Assets to reduce memory usage. Loaded Objects now: 2309.
Total: 4.451800 ms (FindLiveObjects: 0.500900 ms CreateObjectMapping: 0.232800 ms MarkObjects: 3.496400 ms  DeleteObjects: 0.218900 ms)

========================================================================
Received Prepare
Registering precompiled user dll's ...
Registered in 0.003147 seconds.
Begin MonoManager ReloadAssembly
Native extension for WindowsStandalone target not found
Refreshing native plugins compatible for Editor in 0.62 ms, found 1 plugins.
Preloading 0 native plugins for Editor in 0.00 ms.
Invoked RoslynAnalysisRunner static constructor.
RoslynAnalysisRunner will not be running.
RoslynAnalysisRunner has terminated.
Mono: successfully reloaded assembly
- Completed reload, in  2.218 seconds
Platform modules already initialized, skipping
Refreshing native plugins compatible for Editor in 0.75 ms, found 1 plugins.
Preloading 0 native plugins for Editor in 0.00 ms.
Unloading 1804 Unused Serialized files (Serialized files now loaded: 0)
System memory in use before: 88.0 MB.
System memory in use after: 88.0 MB.

Unloading 12 unused Assets to reduce memory usage. Loaded Objects now: 2313.
Total: 4.377400 ms (FindLiveObjects: 0.502900 ms CreateObjectMapping: 0.219700 ms MarkObjects: 3.408500 ms  DeleteObjects: 0.243000 ms)

========================================================================
Received Import Request.
  Time since last request: 1367.035344 seconds.
  path: Assets/Arts
  artifactKey: Guid(c761f0e827b21104b832d96b2555c725) Importer(815301076,1909f56bfc062723c751e8b465ee728b)
Start importing Assets/Arts using Guid(c761f0e827b21104b832d96b2555c725) Importer(815301076,1909f56bfc062723c751e8b465ee728b)  -> (artifact id: 'e8467e4dc42d36170a39f2baa3841d5f') in 0.023394 seconds
  Import took 0.029645 seconds .

========================================================================
Received Import Request.
  Time since last request: 0.011590 seconds.
  path: Assets/Arts
  artifactKey: Guid(c761f0e827b21104b832d96b2555c725) Importer(815301076,1909f56bfc062723c751e8b465ee728b)
Start importing Assets/Arts using Guid(c761f0e827b21104b832d96b2555c725) Importer(815301076,1909f56bfc062723c751e8b465ee728b)  -> (artifact id: 'e8467e4dc42d36170a39f2baa3841d5f') in 0.007754 seconds
  Import took 0.014066 seconds .

========================================================================
Received Import Request.
  Time since last request: 4.394476 seconds.
  path: Assets/Arts/Materials
  artifactKey: Guid(cc1adf3e6e142954d8a8e5ca214425de) Importer(815301076,1909f56bfc062723c751e8b465ee728b)
Start importing Assets/Arts/Materials using Guid(cc1adf3e6e142954d8a8e5ca214425de) Importer(815301076,1909f56bfc062723c751e8b465ee728b)  -> (artifact id: '49f4cf8de80bea20a351ad9bb22f4a78') in 0.021058 seconds
  Import took 0.028217 seconds .

========================================================================
Received Import Request.
  Time since last request: 5.638105 seconds.
  path: Assets/Arts/Materials/Physics
  artifactKey: Guid(94c4d65405e6f83489800555fe6ed54e) Importer(815301076,1909f56bfc062723c751e8b465ee728b)
Start importing Assets/Arts/Materials/Physics using Guid(94c4d65405e6f83489800555fe6ed54e) Importer(815301076,1909f56bfc062723c751e8b465ee728b)  -> (artifact id: '11a6dce26f53673a770722d897bfb64a') in 0.020763 seconds
  Import took 0.027971 seconds .

========================================================================
Received Import Request.
  Time since last request: 0.008820 seconds.
  path: Assets/Arts/Materials/Physics
  artifactKey: Guid(94c4d65405e6f83489800555fe6ed54e) Importer(815301076,1909f56bfc062723c751e8b465ee728b)
Start importing Assets/Arts/Materials/Physics using Guid(94c4d65405e6f83489800555fe6ed54e) Importer(815301076,1909f56bfc062723c751e8b465ee728b)  -> (artifact id: '11a6dce26f53673a770722d897bfb64a') in 0.006018 seconds
  Import took 0.013464 seconds .

========================================================================
Received Import Request.
  Time since last request: 22.800863 seconds.
  path: Assets/Arts/Materials/Physics/New Physics Material 2D.physicsMaterial2D
  artifactKey: Guid(e0a39ba4d864f1b42ac63c10e32f7fa1) Importer(815301076,1909f56bfc062723c751e8b465ee728b)
Start importing Assets/Arts/Materials/Physics/New Physics Material 2D.physicsMaterial2D using Guid(e0a39ba4d864f1b42ac63c10e32f7fa1) Importer(815301076,1909f56bfc062723c751e8b465ee728b)  -> (artifact id: '6c0c2ef19e097da56fd01808373a49bb') in 0.023703 seconds
  Import took 0.026946 seconds .

========================================================================
Received Import Request.
  Time since last request: 30.668813 seconds.
  path: Assets/Arts/Materials/Physics/No Friction.physicsMaterial2D
  artifactKey: Guid(e0a39ba4d864f1b42ac63c10e32f7fa1) Importer(815301076,1909f56bfc062723c751e8b465ee728b)
Start importing Assets/Arts/Materials/Physics/No Friction.physicsMaterial2D using Guid(e0a39ba4d864f1b42ac63c10e32f7fa1) Importer(815301076,1909f56bfc062723c751e8b465ee728b)  -> (artifact id: '44d61a517edeb742ebf69241019cce3f') in 0.022531 seconds
  Import took 0.029479 seconds .

========================================================================
Received Prepare
Registering precompiled user dll's ...
Registered in 0.002086 seconds.
Begin MonoManager ReloadAssembly
Native extension for WindowsStandalone target not found
Refreshing native plugins compatible for Editor in 0.61 ms, found 1 plugins.
Preloading 0 native plugins for Editor in 0.00 ms.
Invoked RoslynAnalysisRunner static constructor.
RoslynAnalysisRunner will not be running.
RoslynAnalysisRunner has terminated.
Mono: successfully reloaded assembly
- Completed reload, in  2.048 seconds
Platform modules already initialized, skipping
Refreshing native plugins compatible for Editor in 0.61 ms, found 1 plugins.
Preloading 0 native plugins for Editor in 0.00 ms.
Unloading 1804 Unused Serialized files (Serialized files now loaded: 0)
System memory in use before: 88.0 MB.
System memory in use after: 88.0 MB.

Unloading 12 unused Assets to reduce memory usage. Loaded Objects now: 2317.
Total: 4.076400 ms (FindLiveObjects: 0.314500 ms CreateObjectMapping: 0.176600 ms MarkObjects: 3.384700 ms  DeleteObjects: 0.198400 ms)

========================================================================
Received Prepare
Registering precompiled user dll's ...
Registered in 0.001283 seconds.
Begin MonoManager ReloadAssembly
Native extension for WindowsStandalone target not found
Refreshing native plugins compatible for Editor in 0.46 ms, found 1 plugins.
Preloading 0 native plugins for Editor in 0.00 ms.
Invoked RoslynAnalysisRunner static constructor.
RoslynAnalysisRunner will not be running.
RoslynAnalysisRunner has terminated.
Mono: successfully reloaded assembly
- Completed reload, in  1.045 seconds
Platform modules already initialized, skipping
Refreshing native plugins compatible for Editor in 0.43 ms, found 1 plugins.
Preloading 0 native plugins for Editor in 0.00 ms.
Unloading 1804 Unused Serialized files (Serialized files now loaded: 0)
System memory in use before: 88.1 MB.
System memory in use after: 88.0 MB.

Unloading 12 unused Assets to reduce memory usage. Loaded Objects now: 2321.
Total: 2.698100 ms (FindLiveObjects: 0.314500 ms CreateObjectMapping: 0.236500 ms MarkObjects: 2.021300 ms  DeleteObjects: 0.123400 ms)

========================================================================
Received Prepare
Registering precompiled user dll's ...
Registered in 0.002042 seconds.
Begin MonoManager ReloadAssembly
Native extension for WindowsStandalone target not found
Refreshing native plugins compatible for Editor in 0.59 ms, found 1 plugins.
Preloading 0 native plugins for Editor in 0.00 ms.
Invoked RoslynAnalysisRunner static constructor.
RoslynAnalysisRunner will not be running.
RoslynAnalysisRunner has terminated.
Mono: successfully reloaded assembly
- Completed reload, in  2.138 seconds
Platform modules already initialized, skipping
Refreshing native plugins compatible for Editor in 0.62 ms, found 1 plugins.
Preloading 0 native plugins for Editor in 0.00 ms.
Unloading 1804 Unused Serialized files (Serialized files now loaded: 0)
System memory in use before: 88.1 MB.
System memory in use after: 88.0 MB.

Unloading 12 unused Assets to reduce memory usage. Loaded Objects now: 2325.
Total: 4.269500 ms (FindLiveObjects: 0.327100 ms CreateObjectMapping: 0.183600 ms MarkObjects: 3.550400 ms  DeleteObjects: 0.205600 ms)

========================================================================
Received Prepare
Registering precompiled user dll's ...
Registered in 0.001044 seconds.
Begin MonoManager ReloadAssembly
Native extension for WindowsStandalone target not found
Refreshing native plugins compatible for Editor in 0.39 ms, found 1 plugins.
Preloading 0 native plugins for Editor in 0.00 ms.
Invoked RoslynAnalysisRunner static constructor.
RoslynAnalysisRunner will not be running.
RoslynAnalysisRunner has terminated.
Mono: successfully reloaded assembly
- Completed reload, in  1.016 seconds
Platform modules already initialized, skipping
Refreshing native plugins compatible for Editor in 0.41 ms, found 1 plugins.
Preloading 0 native plugins for Editor in 0.00 ms.
Unloading 1804 Unused Serialized files (Serialized files now loaded: 0)
System memory in use before: 88.1 MB.
System memory in use after: 88.0 MB.

Unloading 12 unused Assets to reduce memory usage. Loaded Objects now: 2329.
Total: 2.605000 ms (FindLiveObjects: 0.273000 ms CreateObjectMapping: 0.115600 ms MarkObjects: 2.076200 ms  DeleteObjects: 0.137400 ms)

========================================================================
Received Prepare
Registering precompiled user dll's ...
Registered in 0.000949 seconds.
Begin MonoManager ReloadAssembly
Native extension for WindowsStandalone target not found
Refreshing native plugins compatible for Editor in 0.33 ms, found 1 plugins.
Preloading 0 native plugins for Editor in 0.00 ms.
Invoked RoslynAnalysisRunner static constructor.
RoslynAnalysisRunner will not be running.
RoslynAnalysisRunner has terminated.
Mono: successfully reloaded assembly
- Completed reload, in  0.872 seconds
Platform modules already initialized, skipping
Refreshing native plugins compatible for Editor in 0.36 ms, found 1 plugins.
Preloading 0 native plugins for Editor in 0.00 ms.
Unloading 1804 Unused Serialized files (Serialized files now loaded: 0)
System memory in use before: 88.1 MB.
System memory in use after: 88.1 MB.

Unloading 12 unused Assets to reduce memory usage. Loaded Objects now: 2333.
Total: 2.109200 ms (FindLiveObjects: 0.211000 ms CreateObjectMapping: 0.103600 ms MarkObjects: 1.685500 ms  DeleteObjects: 0.107400 ms)

========================================================================
Received Prepare
Registering precompiled user dll's ...
Registered in 0.001275 seconds.
Begin MonoManager ReloadAssembly
Native extension for WindowsStandalone target not found
Refreshing native plugins compatible for Editor in 0.42 ms, found 1 plugins.
Preloading 0 native plugins for Editor in 0.00 ms.
Invoked RoslynAnalysisRunner static constructor.
RoslynAnalysisRunner will not be running.
RoslynAnalysisRunner has terminated.
Mono: successfully reloaded assembly
- Completed reload, in  1.099 seconds
Platform modules already initialized, skipping
Refreshing native plugins compatible for Editor in 0.42 ms, found 1 plugins.
Preloading 0 native plugins for Editor in 0.00 ms.
Unloading 1804 Unused Serialized files (Serialized files now loaded: 0)
System memory in use before: 88.1 MB.
System memory in use after: 88.1 MB.

Unloading 12 unused Assets to reduce memory usage. Loaded Objects now: 2337.
Total: 2.774000 ms (FindLiveObjects: 0.394500 ms CreateObjectMapping: 0.128600 ms MarkObjects: 2.094500 ms  DeleteObjects: 0.153900 ms)

========================================================================
Received Prepare
Registering precompiled user dll's ...
Registered in 0.000983 seconds.
Begin MonoManager ReloadAssembly
Native extension for WindowsStandalone target not found
Refreshing native plugins compatible for Editor in 0.36 ms, found 1 plugins.
Preloading 0 native plugins for Editor in 0.00 ms.
Invoked RoslynAnalysisRunner static constructor.
RoslynAnalysisRunner will not be running.
RoslynAnalysisRunner has terminated.
Mono: successfully reloaded assembly
- Completed reload, in  0.819 seconds
Platform modules already initialized, skipping
Refreshing native plugins compatible for Editor in 0.33 ms, found 1 plugins.
Preloading 0 native plugins for Editor in 0.00 ms.
Unloading 1804 Unused Serialized files (Serialized files now loaded: 0)
System memory in use before: 88.1 MB.
System memory in use after: 88.1 MB.

Unloading 12 unused Assets to reduce memory usage. Loaded Objects now: 2341.
Total: 2.988400 ms (FindLiveObjects: 0.493500 ms CreateObjectMapping: 0.200300 ms MarkObjects: 2.135900 ms  DeleteObjects: 0.156400 ms)

========================================================================
Received Prepare
Registering precompiled user dll's ...
Registered in 0.088141 seconds.
Begin MonoManager ReloadAssembly
Native extension for WindowsStandalone target not found
Refreshing native plugins compatible for Editor in 0.70 ms, found 1 plugins.
Preloading 0 native plugins for Editor in 0.00 ms.
Invalid AssetDatabase path: /Editor/EditorResources/cm_logo_sm.png. Use path relative to the project folder.
UnityEngine.StackTraceUtility:ExtractStackTrace ()
UnityEditor.AssetDatabase:LoadAssetAtPath<UnityEngine.Texture2D> (string)
Cinemachine.Editor.CinemachineSettings:get_CinemachineLogoTexture () (at Library/PackageCache/com.unity.cinemachine@2.6.17/Editor/Windows/CinemachineSettings.cs:205)
Cinemachine.Editor.CinemachineSettings:.cctor () (at Library/PackageCache/com.unity.cinemachine@2.6.17/Editor/Windows/CinemachineSettings.cs:261)
Cinemachine.CinemachineColliderPrefs:.cctor () (at Library/PackageCache/com.unity.cinemachine@2.6.17/Editor/Windows/CinemachineColliderPrefs.cs:61)
System.Runtime.CompilerServices.RuntimeHelpers:RunClassConstructor (System.RuntimeTypeHandle)
UnityEditor.EditorAssemblies:ProcessInitializeOnLoadAttributes (System.Type[])

[Library/PackageCache/com.unity.cinemachine@2.6.17/Editor/Windows/CinemachineSettings.cs line 205]

Invoked RoslynAnalysisRunner static constructor.
RoslynAnalysisRunner will not be running.
RoslynAnalysisRunner has terminated.
Invalid AssetDatabase path: /Editor/EditorResources/cm_logo_sm.png. Use path relative to the project folder.
UnityEngine.StackTraceUtility:ExtractStackTrace ()
UnityEditor.AssetDatabase:LoadAssetAtPath<UnityEngine.Texture2D> (string)
Cinemachine.Editor.CinemachineSettings:get_CinemachineLogoTexture () (at Library/PackageCache/com.unity.cinemachine@2.6.17/Editor/Windows/CinemachineSettings.cs:205)
Cinemachine.Editor.CinemachineSettings:OnPackageLoadedInEditor () (at Library/PackageCache/com.unity.cinemachine@2.6.17/Editor/Windows/CinemachineSettings.cs:246)

[Library/PackageCache/com.unity.cinemachine@2.6.17/Editor/Windows/CinemachineSettings.cs line 205]

Mono: successfully reloaded assembly
- Completed reload, in  2.432 seconds
Platform modules already initialized, skipping
Refreshing native plugins compatible for Editor in 1.30 ms, found 1 plugins.
Preloading 0 native plugins for Editor in 0.00 ms.
Unloading 1951 Unused Serialized files (Serialized files now loaded: 0)
System memory in use before: 93.2 MB.
System memory in use after: 93.1 MB.

Unloading 13 unused Assets to reduce memory usage. Loaded Objects now: 2491.
Total: 5.195200 ms (FindLiveObjects: 0.838900 ms CreateObjectMapping: 0.277600 ms MarkObjects: 3.815000 ms  DeleteObjects: 0.260600 ms)

========================================================================
Received Prepare
Registering precompiled user dll's ...
Registered in 0.002472 seconds.
Begin MonoManager ReloadAssembly
Native extension for WindowsStandalone target not found
Refreshing native plugins compatible for Editor in 0.79 ms, found 1 plugins.
Preloading 0 native plugins for Editor in 0.00 ms.
Invoked RoslynAnalysisRunner static constructor.
RoslynAnalysisRunner will not be running.
RoslynAnalysisRunner has terminated.
Mono: successfully reloaded assembly
- Completed reload, in  2.040 seconds
Platform modules already initialized, skipping
Refreshing native plugins compatible for Editor in 0.36 ms, found 1 plugins.
Preloading 0 native plugins for Editor in 0.00 ms.
Unloading 1952 Unused Serialized files (Serialized files now loaded: 0)
System memory in use before: 93.3 MB.
System memory in use after: 93.3 MB.

Unloading 14 unused Assets to reduce memory usage. Loaded Objects now: 2496.
Total: 2.873600 ms (FindLiveObjects: 0.538300 ms CreateObjectMapping: 0.222700 ms MarkObjects: 1.978700 ms  DeleteObjects: 0.131300 ms)

========================================================================
Received Prepare
Registering precompiled user dll's ...
Registered in 0.001234 seconds.
Begin MonoManager ReloadAssembly
Native extension for WindowsStandalone target not found
Refreshing native plugins compatible for Editor in 0.49 ms, found 1 plugins.
Preloading 0 native plugins for Editor in 0.00 ms.
Invoked RoslynAnalysisRunner static constructor.
RoslynAnalysisRunner will not be running.
RoslynAnalysisRunner has terminated.
Mono: successfully reloaded assembly
- Completed reload, in  1.257 seconds
Platform modules already initialized, skipping
Refreshing native plugins compatible for Editor in 0.41 ms, found 1 plugins.
Preloading 0 native plugins for Editor in 0.00 ms.
Unloading 1951 Unused Serialized files (Serialized files now loaded: 0)
System memory in use before: 93.3 MB.
System memory in use after: 93.3 MB.

Unloading 14 unused Assets to reduce memory usage. Loaded Objects now: 2500.
Total: 2.930100 ms (FindLiveObjects: 0.366300 ms CreateObjectMapping: 0.221800 ms MarkObjects: 2.186300 ms  DeleteObjects: 0.154000 ms)

========================================================================
Received Import Request.
  Time since last request: 2587.654214 seconds.
  path: Assets/Arts/Materials/Physics/No Friction.physicsMaterial2D
  artifactKey: Guid(e0a39ba4d864f1b42ac63c10e32f7fa1) Importer(815301076,1909f56bfc062723c751e8b465ee728b)
Start importing Assets/Arts/Materials/Physics/No Friction.physicsMaterial2D using Guid(e0a39ba4d864f1b42ac63c10e32f7fa1) Importer(815301076,1909f56bfc062723c751e8b465ee728b)  -> (artifact id: '34a41850774f0099686913efda456f5a') in 0.053559 seconds
  Import took 0.059304 seconds .

========================================================================
Received Prepare
Registering precompiled user dll's ...
Registered in 0.038402 seconds.
Begin MonoManager ReloadAssembly
Native extension for WindowsStandalone target not found
Refreshing native plugins compatible for Editor in 1.01 ms, found 1 plugins.
Preloading 0 native plugins for Editor in 0.00 ms.
Invoked RoslynAnalysisRunner static constructor.
RoslynAnalysisRunner will not be running.
RoslynAnalysisRunner has terminated.
Mono: successfully reloaded assembly
- Completed reload, in  2.405 seconds
Platform modules already initialized, skipping
Refreshing native plugins compatible for Editor in 1.13 ms, found 1 plugins.
Preloading 0 native plugins for Editor in 0.00 ms.
Unloading 1962 Unused Serialized files (Serialized files now loaded: 0)
System memory in use before: 93.7 MB.
System memory in use after: 93.6 MB.

Unloading 17 unused Assets to reduce memory usage. Loaded Objects now: 2518.
Total: 6.435800 ms (FindLiveObjects: 0.599100 ms CreateObjectMapping: 0.272100 ms MarkObjects: 5.247500 ms  DeleteObjects: 0.313900 ms)

========================================================================
Received Prepare
Registering precompiled user dll's ...
Registered in 0.004093 seconds.
Begin MonoManager ReloadAssembly
Native extension for WindowsStandalone target not found
Refreshing native plugins compatible for Editor in 0.69 ms, found 1 plugins.
Preloading 0 native plugins for Editor in 0.00 ms.
Invoked RoslynAnalysisRunner static constructor.
RoslynAnalysisRunner will not be running.
RoslynAnalysisRunner has terminated.
Mono: successfully reloaded assembly
- Completed reload, in  2.000 seconds
Platform modules already initialized, skipping
Refreshing native plugins compatible for Editor in 0.66 ms, found 1 plugins.
Preloading 0 native plugins for Editor in 0.00 ms.
Unloading 1961 Unused Serialized files (Serialized files now loaded: 0)
System memory in use before: 93.7 MB.
System memory in use after: 93.6 MB.

Unloading 16 unused Assets to reduce memory usage. Loaded Objects now: 2522.
Total: 4.398200 ms (FindLiveObjects: 0.646700 ms CreateObjectMapping: 0.193900 ms MarkObjects: 3.320500 ms  DeleteObjects: 0.233600 ms)

========================================================================
Received Prepare
Registering precompiled user dll's ...
Registered in 0.006361 seconds.
Begin MonoManager ReloadAssembly
Native extension for WindowsStandalone target not found
Refreshing native plugins compatible for Editor in 0.69 ms, found 1 plugins.
Preloading 0 native plugins for Editor in 0.00 ms.
Invoked RoslynAnalysisRunner static constructor.
RoslynAnalysisRunner will not be running.
RoslynAnalysisRunner has terminated.
Mono: successfully reloaded assembly
- Completed reload, in  2.099 seconds
Platform modules already initialized, skipping
Refreshing native plugins compatible for Editor in 0.68 ms, found 1 plugins.
Preloading 0 native plugins for Editor in 0.00 ms.
Unloading 1962 Unused Serialized files (Serialized files now loaded: 0)
System memory in use before: 93.7 MB.
System memory in use after: 93.7 MB.

Unloading 17 unused Assets to reduce memory usage. Loaded Objects now: 2526.
Total: 4.652700 ms (FindLiveObjects: 0.464600 ms CreateObjectMapping: 0.165800 ms MarkObjects: 3.794000 ms  DeleteObjects: 0.225600 ms)

========================================================================
Received Prepare
Registering precompiled user dll's ...
Registered in 0.004014 seconds.
Begin MonoManager ReloadAssembly
Native extension for WindowsStandalone target not found
Refreshing native plugins compatible for Editor in 0.69 ms, found 1 plugins.
Preloading 0 native plugins for Editor in 0.00 ms.
Invoked RoslynAnalysisRunner static constructor.
RoslynAnalysisRunner will not be running.
RoslynAnalysisRunner has terminated.
Mono: successfully reloaded assembly
- Completed reload, in  1.969 seconds
Platform modules already initialized, skipping
Refreshing native plugins compatible for Editor in 0.66 ms, found 1 plugins.
Preloading 0 native plugins for Editor in 0.00 ms.
Unloading 1961 Unused Serialized files (Serialized files now loaded: 0)
System memory in use before: 93.7 MB.
System memory in use after: 93.7 MB.

Unloading 16 unused Assets to reduce memory usage. Loaded Objects now: 2530.
Total: 4.459100 ms (FindLiveObjects: 0.435600 ms CreateObjectMapping: 0.324800 ms MarkObjects: 3.445400 ms  DeleteObjects: 0.249300 ms)

========================================================================
Received Prepare
Registering precompiled user dll's ...
Registered in 0.002226 seconds.
Begin MonoManager ReloadAssembly
Native extension for WindowsStandalone target not found
Refreshing native plugins compatible for Editor in 0.69 ms, found 1 plugins.
Preloading 0 native plugins for Editor in 0.00 ms.
Invoked RoslynAnalysisRunner static constructor.
RoslynAnalysisRunner will not be running.
RoslynAnalysisRunner has terminated.
Mono: successfully reloaded assembly
- Completed reload, in  1.286 seconds
Platform modules already initialized, skipping
Refreshing native plugins compatible for Editor in 0.54 ms, found 1 plugins.
Preloading 0 native plugins for Editor in 0.00 ms.
Unloading 1961 Unused Serialized files (Serialized files now loaded: 0)
System memory in use before: 93.7 MB.
System memory in use after: 93.7 MB.

Unloading 16 unused Assets to reduce memory usage. Loaded Objects now: 2534.
Total: 3.321300 ms (FindLiveObjects: 0.373200 ms CreateObjectMapping: 0.112800 ms MarkObjects: 2.663600 ms  DeleteObjects: 0.168800 ms)

========================================================================
Received Prepare
Registering precompiled user dll's ...
Registered in 0.001854 seconds.
Begin MonoManager ReloadAssembly
Native extension for WindowsStandalone target not found
Refreshing native plugins compatible for Editor in 0.76 ms, found 1 plugins.
Preloading 0 native plugins for Editor in 0.00 ms.
Invoked RoslynAnalysisRunner static constructor.
RoslynAnalysisRunner will not be running.
RoslynAnalysisRunner has terminated.
Mono: successfully reloaded assembly
- Completed reload, in  2.331 seconds
Platform modules already initialized, skipping
Refreshing native plugins compatible for Editor in 0.69 ms, found 1 plugins.
Preloading 0 native plugins for Editor in 0.00 ms.
Unloading 1961 Unused Serialized files (Serialized files now loaded: 0)
System memory in use before: 93.7 MB.
System memory in use after: 93.7 MB.

Unloading 16 unused Assets to reduce memory usage. Loaded Objects now: 2538.
Total: 7.909800 ms (FindLiveObjects: 0.790800 ms CreateObjectMapping: 0.356400 ms MarkObjects: 6.438100 ms  DeleteObjects: 0.320600 ms)

========================================================================
Received Prepare
Registering precompiled user dll's ...
Registered in 0.002460 seconds.
Begin MonoManager ReloadAssembly
Native extension for WindowsStandalone target not found
Refreshing native plugins compatible for Editor in 0.38 ms, found 1 plugins.
Preloading 0 native plugins for Editor in 0.00 ms.
Invoked RoslynAnalysisRunner static constructor.
RoslynAnalysisRunner will not be running.
RoslynAnalysisRunner has terminated.
Mono: successfully reloaded assembly
- Completed reload, in  0.867 seconds
Platform modules already initialized, skipping
Refreshing native plugins compatible for Editor in 0.38 ms, found 1 plugins.
Preloading 0 native plugins for Editor in 0.00 ms.
Unloading 1961 Unused Serialized files (Serialized files now loaded: 0)
System memory in use before: 93.7 MB.
System memory in use after: 93.7 MB.

Unloading 16 unused Assets to reduce memory usage. Loaded Objects now: 2542.
Total: 2.678700 ms (FindLiveObjects: 0.419300 ms CreateObjectMapping: 0.179900 ms MarkObjects: 1.949100 ms  DeleteObjects: 0.128500 ms)

========================================================================
Received Prepare
Registering precompiled user dll's ...
Registered in 0.002337 seconds.
Begin MonoManager ReloadAssembly
Native extension for WindowsStandalone target not found
Refreshing native plugins compatible for Editor in 0.46 ms, found 1 plugins.
Preloading 0 native plugins for Editor in 0.00 ms.
Invoked RoslynAnalysisRunner static constructor.
RoslynAnalysisRunner will not be running.
RoslynAnalysisRunner has terminated.
Mono: successfully reloaded assembly
- Completed reload, in  0.929 seconds
Platform modules already initialized, skipping
Refreshing native plugins compatible for Editor in 0.40 ms, found 1 plugins.
Preloading 0 native plugins for Editor in 0.00 ms.
Unloading 1961 Unused Serialized files (Serialized files now loaded: 0)
System memory in use before: 93.7 MB.
System memory in use after: 93.7 MB.

Unloading 16 unused Assets to reduce memory usage. Loaded Objects now: 2546.
Total: 2.590100 ms (FindLiveObjects: 0.231700 ms CreateObjectMapping: 0.090800 ms MarkObjects: 2.142100 ms  DeleteObjects: 0.124000 ms)

========================================================================
Received Prepare
Registering precompiled user dll's ...
Registered in 0.004024 seconds.
Begin MonoManager ReloadAssembly
Native extension for WindowsStandalone target not found
Refreshing native plugins compatible for Editor in 0.71 ms, found 1 plugins.
Preloading 0 native plugins for Editor in 0.00 ms.
Invoked RoslynAnalysisRunner static constructor.
RoslynAnalysisRunner will not be running.
RoslynAnalysisRunner has terminated.
Mono: successfully reloaded assembly
- Completed reload, in  2.154 seconds
Platform modules already initialized, skipping
Refreshing native plugins compatible for Editor in 0.71 ms, found 1 plugins.
Preloading 0 native plugins for Editor in 0.00 ms.
Unloading 1961 Unused Serialized files (Serialized files now loaded: 0)
System memory in use before: 93.7 MB.
System memory in use after: 93.7 MB.

Unloading 16 unused Assets to reduce memory usage. Loaded Objects now: 2550.
Total: 4.378700 ms (FindLiveObjects: 0.410200 ms CreateObjectMapping: 0.175800 ms MarkObjects: 3.557400 ms  DeleteObjects: 0.232600 ms)

========================================================================
Received Prepare
Registering precompiled user dll's ...
Registered in 0.001987 seconds.
Begin MonoManager ReloadAssembly
Native extension for WindowsStandalone target not found
Refreshing native plugins compatible for Editor in 0.42 ms, found 1 plugins.
Preloading 0 native plugins for Editor in 0.00 ms.
Invoked RoslynAnalysisRunner static constructor.
RoslynAnalysisRunner will not be running.
RoslynAnalysisRunner has terminated.
Mono: successfully reloaded assembly
- Completed reload, in  1.208 seconds
Platform modules already initialized, skipping
Refreshing native plugins compatible for Editor in 0.58 ms, found 1 plugins.
Preloading 0 native plugins for Editor in 0.00 ms.
Unloading 1961 Unused Serialized files (Serialized files now loaded: 0)
System memory in use before: 93.7 MB.
System memory in use after: 93.7 MB.

Unloading 16 unused Assets to reduce memory usage. Loaded Objects now: 2554.
Total: 3.311300 ms (FindLiveObjects: 0.360000 ms CreateObjectMapping: 0.157500 ms MarkObjects: 2.608800 ms  DeleteObjects: 0.182200 ms)

========================================================================
Received Import Request.
  Time since last request: 1717.808009 seconds.
  path: Assets/Scripts/HealthBase.cs
  artifactKey: Guid(fb78e89b730a1e34b9d84446daa16051) Importer(815301076,1909f56bfc062723c751e8b465ee728b)
Start importing Assets/Scripts/HealthBase.cs using Guid(fb78e89b730a1e34b9d84446daa16051) Importer(815301076,1909f56bfc062723c751e8b465ee728b)  -> (artifact id: '032f87266352dac85f0edc04b4c95160') in 0.038733 seconds
  Import took 0.053120 seconds .

========================================================================
Received Prepare
Registering precompiled user dll's ...
Registered in 0.002503 seconds.
Begin MonoManager ReloadAssembly
Native extension for WindowsStandalone target not found
Refreshing native plugins compatible for Editor in 0.45 ms, found 1 plugins.
Preloading 0 native plugins for Editor in 0.00 ms.
Invoked RoslynAnalysisRunner static constructor.
RoslynAnalysisRunner will not be running.
RoslynAnalysisRunner has terminated.
Mono: successfully reloaded assembly
- Completed reload, in  1.145 seconds
Platform modules already initialized, skipping
Refreshing native plugins compatible for Editor in 0.36 ms, found 1 plugins.
Preloading 0 native plugins for Editor in 0.00 ms.
Unloading 1962 Unused Serialized files (Serialized files now loaded: 0)
System memory in use before: 93.8 MB.
System memory in use after: 93.7 MB.

Unloading 16 unused Assets to reduce memory usage. Loaded Objects now: 2559.
Total: 2.644900 ms (FindLiveObjects: 0.244200 ms CreateObjectMapping: 0.086500 ms MarkObjects: 2.140300 ms  DeleteObjects: 0.172200 ms)

========================================================================
Received Import Request.
  Time since last request: 504.839992 seconds.
  path: Assets/Scripts/HealthBase.cs
  artifactKey: Guid(fb78e89b730a1e34b9d84446daa16051) Importer(815301076,1909f56bfc062723c751e8b465ee728b)
Start importing Assets/Scripts/HealthBase.cs using Guid(fb78e89b730a1e34b9d84446daa16051) Importer(815301076,1909f56bfc062723c751e8b465ee728b)  -> (artifact id: '3da7712f397a46da18738f6ddad72ec2') in 0.005730 seconds
  Import took 0.010849 seconds .

========================================================================
Received Import Request.
  Time since last request: 68.181918 seconds.
  path: Assets/Scripts/HealthBase.cs
  artifactKey: Guid(fb78e89b730a1e34b9d84446daa16051) Importer(815301076,1909f56bfc062723c751e8b465ee728b)
Start importing Assets/Scripts/HealthBase.cs using Guid(fb78e89b730a1e34b9d84446daa16051) Importer(815301076,1909f56bfc062723c751e8b465ee728b)  -> (artifact id: '5fe2d600d4c1d5932436489cb894ffc5') in 0.007773 seconds
  Import took 0.015484 seconds .

========================================================================
Received Import Request.
  Time since last request: 0.006446 seconds.
  path: Assets/Scripts/HealthBase.cs
  artifactKey: Guid(fb78e89b730a1e34b9d84446daa16051) Importer(815301076,1909f56bfc062723c751e8b465ee728b)
Start importing Assets/Scripts/HealthBase.cs using Guid(fb78e89b730a1e34b9d84446daa16051) Importer(815301076,1909f56bfc062723c751e8b465ee728b)  -> (artifact id: '5fe2d600d4c1d5932436489cb894ffc5') in 0.003692 seconds
  Import took 0.008560 seconds .

========================================================================
Received Prepare
Registering precompiled user dll's ...
Registered in 0.001737 seconds.
Begin MonoManager ReloadAssembly
Native extension for WindowsStandalone target not found
Refreshing native plugins compatible for Editor in 0.41 ms, found 1 plugins.
Preloading 0 native plugins for Editor in 0.00 ms.
Invoked RoslynAnalysisRunner static constructor.
RoslynAnalysisRunner will not be running.
RoslynAnalysisRunner has terminated.
Mono: successfully reloaded assembly
- Completed reload, in  1.059 seconds
Platform modules already initialized, skipping
Refreshing native plugins compatible for Editor in 0.36 ms, found 1 plugins.
Preloading 0 native plugins for Editor in 0.00 ms.
Unloading 1962 Unused Serialized files (Serialized files now loaded: 0)
System memory in use before: 93.8 MB.
System memory in use after: 93.7 MB.

Unloading 16 unused Assets to reduce memory usage. Loaded Objects now: 2563.
Total: 2.825900 ms (FindLiveObjects: 0.287600 ms CreateObjectMapping: 0.099600 ms MarkObjects: 2.297600 ms  DeleteObjects: 0.139600 ms)

========================================================================
Received Import Request.
  Time since last request: 146.061031 seconds.
  path: Assets/Scripts/HealthBase.cs
  artifactKey: Guid(fb78e89b730a1e34b9d84446daa16051) Importer(815301076,1909f56bfc062723c751e8b465ee728b)
Start importing Assets/Scripts/HealthBase.cs using Guid(fb78e89b730a1e34b9d84446daa16051) Importer(815301076,1909f56bfc062723c751e8b465ee728b)  -> (artifact id: '278a9de86467490d3b973b413ef4f5ce') in 0.006118 seconds
  Import took 0.010959 seconds .

========================================================================
Received Import Request.
  Time since last request: 0.133140 seconds.
  path: Assets/Scripts/HealthBase.cs
  artifactKey: Guid(fb78e89b730a1e34b9d84446daa16051) Importer(815301076,1909f56bfc062723c751e8b465ee728b)
Start importing Assets/Scripts/HealthBase.cs using Guid(fb78e89b730a1e34b9d84446daa16051) Importer(815301076,1909f56bfc062723c751e8b465ee728b)  -> (artifact id: '278a9de86467490d3b973b413ef4f5ce') in 0.003733 seconds
  Import took 0.008783 seconds .

========================================================================
Received Import Request.
  Time since last request: 46.172104 seconds.
  path: Assets/Scripts
  artifactKey: Guid(d8b693a3301a36c429338fd295efbd77) Importer(815301076,1909f56bfc062723c751e8b465ee728b)
Start importing Assets/Scripts using Guid(d8b693a3301a36c429338fd295efbd77) Importer(815301076,1909f56bfc062723c751e8b465ee728b)  -> (artifact id: '868f7a9293ee0924d37e6fedc6f630e6') in 0.015803 seconds
  Import took 0.021178 seconds .

========================================================================
Received Import Request.
  Time since last request: 4.601681 seconds.
  path: Assets/Scripts/Enemy.cs
  artifactKey: Guid(d8d2f61ec0f5e414ba4f637831fcaa93) Importer(815301076,1909f56bfc062723c751e8b465ee728b)
Start importing Assets/Scripts/Enemy.cs using Guid(d8d2f61ec0f5e414ba4f637831fcaa93) Importer(815301076,1909f56bfc062723c751e8b465ee728b)  -> (artifact id: 'b62a90a2689a8e7b22a8aa57001ac6de') in 0.013925 seconds
  Import took 0.018277 seconds .

========================================================================
Received Prepare
Registering precompiled user dll's ...
Registered in 0.001927 seconds.
Begin MonoManager ReloadAssembly
Native extension for WindowsStandalone target not found
Refreshing native plugins compatible for Editor in 0.45 ms, found 1 plugins.
Preloading 0 native plugins for Editor in 0.00 ms.
Invoked RoslynAnalysisRunner static constructor.
RoslynAnalysisRunner will not be running.
RoslynAnalysisRunner has terminated.
Mono: successfully reloaded assembly
- Completed reload, in  0.969 seconds
Platform modules already initialized, skipping
Refreshing native plugins compatible for Editor in 0.41 ms, found 1 plugins.
Preloading 0 native plugins for Editor in 0.00 ms.
Unloading 1963 Unused Serialized files (Serialized files now loaded: 0)
System memory in use before: 93.8 MB.
System memory in use after: 93.8 MB.

Unloading 16 unused Assets to reduce memory usage. Loaded Objects now: 2568.
Total: 2.582000 ms (FindLiveObjects: 0.324000 ms CreateObjectMapping: 0.111700 ms MarkObjects: 1.992400 ms  DeleteObjects: 0.152400 ms)

========================================================================
Received Prepare
Registering precompiled user dll's ...
Registered in 0.004634 seconds.
Begin MonoManager ReloadAssembly
Native extension for WindowsStandalone target not found
Refreshing native plugins compatible for Editor in 0.70 ms, found 1 plugins.
Preloading 0 native plugins for Editor in 0.00 ms.
Invoked RoslynAnalysisRunner static constructor.
RoslynAnalysisRunner will not be running.
RoslynAnalysisRunner has terminated.
Mono: successfully reloaded assembly
- Completed reload, in  2.093 seconds
Platform modules already initialized, skipping
Refreshing native plugins compatible for Editor in 0.78 ms, found 1 plugins.
Preloading 0 native plugins for Editor in 0.00 ms.
Unloading 1963 Unused Serialized files (Serialized files now loaded: 0)
System memory in use before: 93.8 MB.
System memory in use after: 93.8 MB.

Unloading 16 unused Assets to reduce memory usage. Loaded Objects now: 2572.
Total: 4.758300 ms (FindLiveObjects: 0.551200 ms CreateObjectMapping: 0.308800 ms MarkObjects: 3.648700 ms  DeleteObjects: 0.246600 ms)

========================================================================
Received Prepare
Registering precompiled user dll's ...
Registered in 0.002469 seconds.
Begin MonoManager ReloadAssembly
Native extension for WindowsStandalone target not found
Refreshing native plugins compatible for Editor in 0.44 ms, found 1 plugins.
Preloading 0 native plugins for Editor in 0.00 ms.
Invoked RoslynAnalysisRunner static constructor.
RoslynAnalysisRunner will not be running.
RoslynAnalysisRunner has terminated.
Mono: successfully reloaded assembly
- Completed reload, in  1.043 seconds
Platform modules already initialized, skipping
Refreshing native plugins compatible for Editor in 0.47 ms, found 1 plugins.
Preloading 0 native plugins for Editor in 0.00 ms.
Unloading 1963 Unused Serialized files (Serialized files now loaded: 0)
System memory in use before: 93.8 MB.
System memory in use after: 93.8 MB.

Unloading 16 unused Assets to reduce memory usage. Loaded Objects now: 2576.
Total: 3.045800 ms (FindLiveObjects: 0.410700 ms CreateObjectMapping: 0.181700 ms MarkObjects: 2.239700 ms  DeleteObjects: 0.210300 ms)

========================================================================
Received Prepare
Registering precompiled user dll's ...
Registered in 0.001943 seconds.
Begin MonoManager ReloadAssembly
Native extension for WindowsStandalone target not found
Refreshing native plugins compatible for Editor in 0.38 ms, found 1 plugins.
Preloading 0 native plugins for Editor in 0.00 ms.
Invoked RoslynAnalysisRunner static constructor.
RoslynAnalysisRunner will not be running.
RoslynAnalysisRunner has terminated.
Mono: successfully reloaded assembly
- Completed reload, in  0.910 seconds
Platform modules already initialized, skipping
Refreshing native plugins compatible for Editor in 0.40 ms, found 1 plugins.
Preloading 0 native plugins for Editor in 0.00 ms.
Unloading 1963 Unused Serialized files (Serialized files now loaded: 0)
System memory in use before: 93.8 MB.
System memory in use after: 93.8 MB.

Unloading 16 unused Assets to reduce memory usage. Loaded Objects now: 2580.
Total: 2.577600 ms (FindLiveObjects: 0.237800 ms CreateObjectMapping: 0.100700 ms MarkObjects: 2.110600 ms  DeleteObjects: 0.126900 ms)

========================================================================
Received Prepare
Registering precompiled user dll's ...
Registered in 0.001763 seconds.
Begin MonoManager ReloadAssembly
Native extension for WindowsStandalone target not found
Refreshing native plugins compatible for Editor in 0.36 ms, found 1 plugins.
Preloading 0 native plugins for Editor in 0.00 ms.
Invoked RoslynAnalysisRunner static constructor.
RoslynAnalysisRunner will not be running.
RoslynAnalysisRunner has terminated.
Mono: successfully reloaded assembly
- Completed reload, in  0.920 seconds
Platform modules already initialized, skipping
Refreshing native plugins compatible for Editor in 0.37 ms, found 1 plugins.
Preloading 0 native plugins for Editor in 0.00 ms.
Unloading 1963 Unused Serialized files (Serialized files now loaded: 0)
System memory in use before: 93.8 MB.
System memory in use after: 93.8 MB.

Unloading 16 unused Assets to reduce memory usage. Loaded Objects now: 2584.
Total: 2.949600 ms (FindLiveObjects: 0.454200 ms CreateObjectMapping: 0.184800 ms MarkObjects: 2.165200 ms  DeleteObjects: 0.141800 ms)

========================================================================
Received Prepare
Registering precompiled user dll's ...
Registered in 0.002545 seconds.
Begin MonoManager ReloadAssembly
Native extension for WindowsStandalone target not found
Refreshing native plugins compatible for Editor in 0.40 ms, found 1 plugins.
Preloading 0 native plugins for Editor in 0.00 ms.
Invoked RoslynAnalysisRunner static constructor.
RoslynAnalysisRunner will not be running.
RoslynAnalysisRunner has terminated.
Mono: successfully reloaded assembly
- Completed reload, in  1.025 seconds
Platform modules already initialized, skipping
Refreshing native plugins compatible for Editor in 0.43 ms, found 1 plugins.
Preloading 0 native plugins for Editor in 0.00 ms.
Unloading 1963 Unused Serialized files (Serialized files now loaded: 0)
System memory in use before: 93.9 MB.
System memory in use after: 93.8 MB.

Unloading 16 unused Assets to reduce memory usage. Loaded Objects now: 2588.
Total: 2.841200 ms (FindLiveObjects: 0.386900 ms CreateObjectMapping: 0.160400 ms MarkObjects: 2.138700 ms  DeleteObjects: 0.153500 ms)

========================================================================
Received Prepare
Registering precompiled user dll's ...
Registered in 0.002084 seconds.
Begin MonoManager ReloadAssembly
Native extension for WindowsStandalone target not found
Refreshing native plugins compatible for Editor in 0.44 ms, found 1 plugins.
Preloading 0 native plugins for Editor in 0.00 ms.
Invoked RoslynAnalysisRunner static constructor.
RoslynAnalysisRunner will not be running.
RoslynAnalysisRunner has terminated.
Mono: successfully reloaded assembly
- Completed reload, in  1.095 seconds
Platform modules already initialized, skipping
Refreshing native plugins compatible for Editor in 0.52 ms, found 1 plugins.
Preloading 0 native plugins for Editor in 0.00 ms.
Unloading 1963 Unused Serialized files (Serialized files now loaded: 0)
System memory in use before: 93.9 MB.
System memory in use after: 93.8 MB.

Unloading 16 unused Assets to reduce memory usage. Loaded Objects now: 2592.
Total: 2.636400 ms (FindLiveObjects: 0.261400 ms CreateObjectMapping: 0.094200 ms MarkObjects: 2.136900 ms  DeleteObjects: 0.142500 ms)

========================================================================
Received Prepare
Registering precompiled user dll's ...
Registered in 0.003986 seconds.
Begin MonoManager ReloadAssembly
Native extension for WindowsStandalone target not found
Refreshing native plugins compatible for Editor in 0.67 ms, found 1 plugins.
Preloading 0 native plugins for Editor in 0.00 ms.
Invoked RoslynAnalysisRunner static constructor.
RoslynAnalysisRunner will not be running.
RoslynAnalysisRunner has terminated.
Mono: successfully reloaded assembly
- Completed reload, in  2.160 seconds
Platform modules already initialized, skipping
Refreshing native plugins compatible for Editor in 1.18 ms, found 1 plugins.
Preloading 0 native plugins for Editor in 0.00 ms.
Unloading 1963 Unused Serialized files (Serialized files now loaded: 0)
System memory in use before: 93.9 MB.
System memory in use after: 93.8 MB.

Unloading 16 unused Assets to reduce memory usage. Loaded Objects now: 2596.
Total: 4.698200 ms (FindLiveObjects: 0.613600 ms CreateObjectMapping: 0.248000 ms MarkObjects: 3.598300 ms  DeleteObjects: 0.234900 ms)

AssetImportWorkerClient::OnTransportError - code=2 error=End of file
